Arguments: 
  C:\Program Files\nodejs\node.exe C:\Program Files (x86)\Yarn\bin\yarn.js start

PATH: 
  D:\Setups\cmder\vendor\conemu-maximus5\ConEmu\Scripts;D:\Setups\cmder\vendor\conemu-maximus5;D:\Setups\cmder\vendor\conemu-maximus5\ConEmu;C:\WINDOWS\system32;C:\WINDOWS;C:\WINDOWS\System32\Wbem;C:\WINDOWS\System32\WindowsPowerShell\v1.0\;C:\Program Files (x86)\Intel\Services\IPT\;C:\Program Files\Dell\Dell Data Protection\Access\Advanced\Wave\Gemalto\Access Client\v5\;C:\Program Files (x86)\Security Innovation\SI TSS\bin\;C:\Program Files (x86)\Skype\Phone\;C:\xampp\php;C:\ProgramData\ComposerSetup\bin;C:\Program Files (x86)\QuickTime\QTSystem\;C:\WINDOWS\system32\config\systemprofile\.dnx\bin;C:\Program Files\Microsoft DNX\Dnvm\;C:\Program Files\Microsoft SQL Server\130\Tools\Binn\;C:\Program Files (x86)\Autodesk\Backburner\;C:\Program Files (x86)\Windows Kits\8.1\Windows Performance Toolkit\;C:\Program Files\Intel\WiFi\bin\;C:\Program Files\Common Files\Intel\WirelessCommon\;C:\Program Files (x86)\Bitvise SSH Client;C:\Users\Cong\AppData\Roaming\nvm;C:\Program Files\nodejs;C:\Program Files (x86)\Calibre2\;C:\Program Files\Git\cmd;C:\Program Files\nodejs\;C:\Program Files (x86)\Yarn\bin\;C:\WINDOWS\System32\OpenSSH\;C:\ProgramData\chocolatey\bin;C:\Ruby25-x64\bin;C:\Users\Cong\AppData\Roaming\nvm;C:\Users\Cong\AppData\Roaming\npm;C:\Users\Cong\AppData\Local\Google\Cloud SDK\google-cloud-sdk\bin;C:\Program Files\Heroku\bin;C:\Program Files\Microsoft VS Code\bin;C:\Users\Cong\AppData\Local\Yarn\bin;C:\Users\Cong\AppData\Local\Microsoft\WindowsApps;C:\Program Files\Intel\WiFi\bin\;C:\Program Files\Common Files\Intel\WirelessCommon\;C:\Users\Cong\AppData\Local\.meteor;C:\Program Files\Sublime Text 3;C:\Program Files\MongoDB\Server\3.6\bin;

Yarn version: 
  1.5.1

Node version: 
  8.10.0

Platform: 
  win32 x64

npm manifest: 
  {
    "name": "node-redux-auth",
    "version": "1.0.0",
    "description": "Token authentication system using Node, Mongo, React, Redux",
    "scripts": {
      "dev": "webpack-dev-server --config ./webpack/webpack-dev.config.js --watch --colors",
      "build": "rm -rf dist && webpack --config ./webpack/webpack-prod.config.js --colors",
      "start": "NODE_ENV=production PORT=3005 pm2 start ./server.js",
      "test": "mocha --compilers js:babel-core/register --require ./test/test_helper.js --recursive ./test",
      "test:watch": "npm run test -- --watch",
      "lint": "eslint src test webpack"
    },
    "keywords": [
      "Express",
      "MongoDB",
      "React",
      "Redux",
      "Token Authentication",
      "Airbnb Eslint",
      "SCSS",
      "Babel",
      "Webpack Configuration"
    ],
    "repository": {
      "type": "git",
      "url": "git+https://github.com/DimitriMikadze/node-redux-auth"
    },
    "author": "Dimitri Mikadze",
    "license": "MIT",
    "devDependencies": {
      "babel-core": "^6.8.0",
      "babel-loader": "^6.2.4",
      "babel-preset-es2015": "^6.6.0",
      "babel-preset-react": "^6.5.0",
      "babel-preset-stage-1": "^6.5.0",
      "chai": "^3.5.0",
      "chai-jquery": "^2.0.0",
      "classnames": "^2.2.6",
      "css-loader": "^0.25.0",
      "eslint": "^3.5.0",
      "eslint-config-airbnb": "^11.1.0",
      "eslint-plugin-import": "^1.8.0",
      "eslint-plugin-jsx-a11y": "^2.2.2",
      "eslint-plugin-react": "^6.2.1",
      "extract-text-webpack-plugin": "^3.0.2",
      "html-webpack-plugin": "^2.16.1",
      "jquery": "^3.1.0",
      "jsdom": "^9.0.0",
      "mocha": "^3.0.2",
      "node-sass": "^3.7.0",
      "postcss-loader": "^2.1.5",
      "react-addons-test-utils": "^15.0.2",
      "react-hot-loader": "^3.0.0-beta.3",
      "sass-loader": "^4.0.2",
      "style-loader": "^0.13.1",
      "url-loader": "^0.5.7",
      "webpack": "^3.4.1",
      "webpack-dev-server": "^1.14.1"
    },
    "dependencies": {
      "@feathersjs/client": "^3.5.2",
      "axios": "^0.12.0",
      "cors": "^2.8.4",
      "create-react-class": "^15.6.3",
      "debug": "^3.1.0",
      "events": "^3.0.0",
      "express": "^4.13.4",
      "flux": "^3.1.3",
      "gridicons": "^3.0.1",
      "i18n-calypso": "^1.9.1",
      "json-loader": "^0.5.7",
      "keymirror": "^0.1.1",
      "page": "^1.8.6",
      "prop-types": "^15.6.1",
      "react": "^16.4.0",
      "react-dom": "^16.0.0",
      "react-pure-render": "^1.0.2",
      "react-redux": "^4.4.5",
      "react-router": "^4.3.1",
      "react-transition-group": "^2.3.1",
      "redux": "^3.5.2",
      "redux-form": "^6.0.2",
      "redux-promise": "^0.5.3",
      "redux-thunk": "^2.1.0",
      "rimraf": "^2.6.2",
      "socket.io-client": "^2.1.1",
      "store": "^2.0.12",
      "superagent": "^3.8.3",
      "url": "^0.11.0",
      "webpack-bundle-analyzer": "^2.13.1"
    }
  }

yarn manifest: 
  No manifest

Lockfile: 
  No lockfile

Trace: 
  Error: Command failed.
  Exit code: 1
  Command: C:\WINDOWS\system32\cmd.exe
  Arguments: /d /s /c NODE_ENV=production PORT=3005 pm2 start ./server.js
  Directory: C:\Users\Cong\Documents\GitHub\papo-client\client
  Output:
  
      at ProcessTermError.MessageError (C:\Program Files (x86)\Yarn\lib\cli.js:186:110)
      at new ProcessTermError (C:\Program Files (x86)\Yarn\lib\cli.js:226:113)
      at ChildProcess.<anonymous> (C:\Program Files (x86)\Yarn\lib\cli.js:30281:17)
      at emitTwo (events.js:126:13)
      at ChildProcess.emit (events.js:214:7)
      at maybeClose (internal/child_process.js:925:16)
      at Process.ChildProcess._handle.onexit (internal/child_process.js:209:5)
